<?xml version="1.0" encoding="UTF-8"?>
<!-- Generated by org.testng.reporters.JUnitReportReporter -->
<testsuite hostname="IBM-CZLPQW3" failures="0" tests="2" name="com.uiplayground.automation.runners.ui.HomePageTestRunner" time="16.663" errors="0" timestamp="2025-07-28T10:57:53 CDT" skipped="0">
  <testcase classname="com.uiplayground.automation.runners.ui.HomePageTestRunner" name="runScenario" time="2.964"/>
  <testcase classname="com.uiplayground.automation.runners.ui.HomePageTestRunner" name="runScenario" time="13.699"/>
</testsuite> <!-- com.uiplayground.automation.runners.ui.HomePageTestRunner -->
