<?xml version="1.0" encoding="UTF-8"?>
<!-- Generated by org.testng.reporters.JUnitReportReporter -->
<testsuite hostname="IBM-CZLPQW3" failures="0" tests="2" name="com.uiplayground.automation.runners.HomePageTestRunner" time="5.907" errors="2" timestamp="2025-07-25T12:50:17 CDT" skipped="0">
  <testcase classname="com.uiplayground.automation.runners.HomePageTestRunner" name="runScenario" time="2.264">
    <error message="TODO: implement me" type="io.cucumber.java.PendingException">
      <![CDATA[io.cucumber.java.PendingException: TODO: implement me
at com.uiplayground.automation.steps.HomePageSteps.i_navigate_to_the_homepage(HomePageSteps.java:19)
at ✽.I navigate to the homepage(file:///C:/Development/Projects/Portfolio%20Projects/qa-automation-playground/qa-playground/src/test/resources/features/homepage.feature:15)
]]>
    </error>
  </testcase> <!-- runScenario -->
  <testcase classname="com.uiplayground.automation.runners.HomePageTestRunner" name="runScenario" time="3.643">
    <error message="TODO: implement me" type="io.cucumber.java.PendingException">
      <![CDATA[io.cucumber.java.PendingException: TODO: implement me
at com.uiplayground.automation.steps.HomePageSteps.i_navigate_to_the_homepage(HomePageSteps.java:19)
at ✽.I navigate to the homepage(file:///C:/Development/Projects/Portfolio%20Projects/qa-automation-playground/qa-playground/src/test/resources/features/homepage.feature:8)
]]>
    </error>
  </testcase> <!-- runScenario -->
</testsuite> <!-- com.uiplayground.automation.runners.HomePageTestRunner -->
