<?xml version="1.0" encoding="UTF-8"?>
<!-- Generated by org.testng.reporters.JUnitReportReporter -->
<testsuite hostname="IBM-CZLPQW3" failures="0" tests="1" name="com.uiplayground.automation.runners.HomePageTestRunner" time="4.079" errors="0" timestamp="2025-07-25T15:13:29 CDT" skipped="0">
  <testcase classname="com.uiplayground.automation.runners.HomePageTestRunner" name="runScenario" time="4.079"/>
</testsuite> <!-- com.uiplayground.automation.runners.HomePageTestRunner -->
