<?xml version="1.0" encoding="UTF-8"?>
<!-- Generated by org.testng.reporters.JUnitReportReporter -->
<testsuite hostname="IBM-CZLPQW3" failures="0" tests="2" name="com.uiplayground.automation.runners.HomePageTestRunner" time="8.901" errors="0" timestamp="2025-07-28T10:28:45 CDT" skipped="0">
  <testcase classname="com.uiplayground.automation.runners.HomePageTestRunner" name="runScenario" time="5.437"/>
  <testcase classname="com.uiplayground.automation.runners.HomePageTestRunner" name="runScenario" time="3.464"/>
</testsuite> <!-- com.uiplayground.automation.runners.HomePageTestRunner -->
