<?xml version="1.0" encoding="UTF-8"?>
<!-- Generated by org.testng.reporters.JUnitReportReporter -->
<testsuite hostname="IBM-CZLPQW3" failures="0" tests="2" name="com.uiplayground.automation.runners.ui.HomePageTestRunner" time="13.170" errors="0" timestamp="2025-07-28T10:39:50 CDT" skipped="0">
  <testcase classname="com.uiplayground.automation.runners.ui.HomePageTestRunner" name="runScenario" time="5.344"/>
  <testcase classname="com.uiplayground.automation.runners.ui.HomePageTestRunner" name="runScenario" time="7.826"/>
</testsuite> <!-- com.uiplayground.automation.runners.ui.HomePageTestRunner -->
