<?xml version="1.0" encoding="UTF-8"?>
<!-- Generated by org.testng.reporters.JUnitReportReporter -->
<testsuite hostname="IBM-CZLPQW3" failures="0" tests="1" name="com.uiplayground.automation.runners.ui.HomePageTestRunner" time="13.807" errors="0" timestamp="2025-07-28T12:03:00 CDT" skipped="0">
  <testcase classname="com.uiplayground.automation.runners.ui.HomePageTestRunner" name="runScenario" time="13.807"/>
</testsuite> <!-- com.uiplayground.automation.runners.ui.HomePageTestRunner -->
